*** Starting uWSGI 2.0.18 (64bit) on [Mon Jan  6 15:09:37 2020] ***
compiled with version: 7.4.0 on 26 November 2019 08:04:11
os: Linux-5.0.0-37-generic #40~18.04.1-Ubuntu SMP Thu Nov 14 12:06:39 UTC 2019
nodename: tarena
machine: x86_64
clock source: unix
detected number of CPU cores: 4
current working directory: /home/tarena/zhoumin/project_ddb/dadabeauty
writing pidfile to uwsgi.pid
detected binary path: /usr/local/bin/uwsgi
!!! no internal routing support, rebuild with pcre support !!!
uWSGI running as root, you can use --uid/--gid/--chroot options
*** WARNING: you are running uWSGI as root !!! (use the --uid flag) *** 
chdir() to /home/tarena/zhoumin/project_ddb/dadabeauty
your processes number limit is 63543
your memory page size is 4096 bytes
detected max file descriptor number: 1024
lock engine: pthread robust mutexes
thunder lock: disabled (you can enable it with --thunder-lock)
uWSGI http bound on 127.0.0.1:8000 fd 4
uwsgi socket 0 bound to TCP address 127.0.0.1:38623 (port auto-assigned) fd 3
uWSGI running as root, you can use --uid/--gid/--chroot options
*** WARNING: you are running uWSGI as root !!! (use the --uid flag) *** 
Python version: 3.6.9 (default, Nov  7 2019, 10:44:02)  [GCC 8.3.0]
Python main interpreter initialized at 0x560e34a9d080
uWSGI running as root, you can use --uid/--gid/--chroot options
*** WARNING: you are running uWSGI as root !!! (use the --uid flag) *** 
python threads support enabled
your server socket listen backlog is limited to 100 connections
your mercy for graceful operations on workers is 60 seconds
mapped 166688 bytes (162 KB) for 2 cores
*** Operational MODE: threaded ***
failed to open python file my_project/wsgi.py
unable to load app 0 (mountpoint='') (callable not found or import error)
*** no app loaded. going in full dynamic mode ***
uWSGI running as root, you can use --uid/--gid/--chroot options
*** WARNING: you are running uWSGI as root !!! (use the --uid flag) *** 
*** uWSGI is running in multiple interpreter mode ***
spawned uWSGI master process (pid: 4897)
spawned uWSGI worker 1 (pid: 4907, cores: 2)
spawned uWSGI http 1 (pid: 4908)
--- no python application found, check your startup logs for errors ---
[pid: 4907|app: -1|req: -1/1] 127.0.0.1 () {44 vars in 836 bytes} [Mon Jan  6 15:10:28 2020] GET /index => generated 21 bytes in 0 msecs (HTTP/1.1 500) 2 headers in 83 bytes (0 switches on core 0)
--- no python application found, check your startup logs for errors ---
[pid: 4907|app: -1|req: -1/2] 127.0.0.1 () {42 vars in 752 bytes} [Mon Jan  6 15:10:28 2020] GET /favicon.ico => generated 21 bytes in 0 msecs (HTTP/1.1 500) 2 headers in 83 bytes (0 switches on core 1)
--- no python application found, check your startup logs for errors ---
[pid: 4907|app: -1|req: -1/3] 127.0.0.1 () {44 vars in 834 bytes} [Mon Jan  6 15:10:47 2020] GET /test => generated 21 bytes in 0 msecs (HTTP/1.1 500) 2 headers in 83 bytes (0 switches on core 0)
--- no python application found, check your startup logs for errors ---
[pid: 4907|app: -1|req: -1/4] 127.0.0.1 () {42 vars in 751 bytes} [Mon Jan  6 15:10:47 2020] GET /favicon.ico => generated 21 bytes in 0 msecs (HTTP/1.1 500) 2 headers in 83 bytes (0 switches on core 1)
--- no python application found, check your startup logs for errors ---
[pid: 4907|app: -1|req: -1/5] 127.0.0.1 () {46 vars in 865 bytes} [Mon Jan  6 15:10:49 2020] GET /test => generated 21 bytes in 0 msecs (HTTP/1.1 500) 2 headers in 83 bytes (0 switches on core 0)
--- no python application found, check your startup logs for errors ---
[pid: 4907|app: -1|req: -1/6] 127.0.0.1 () {42 vars in 751 bytes} [Mon Jan  6 15:10:49 2020] GET /favicon.ico => generated 21 bytes in 0 msecs (HTTP/1.1 500) 2 headers in 83 bytes (0 switches on core 0)
*** Starting uWSGI 2.0.18 (64bit) on [Mon Jan  6 15:15:02 2020] ***
compiled with version: 7.4.0 on 26 November 2019 08:04:11
os: Linux-5.0.0-37-generic #40~18.04.1-Ubuntu SMP Thu Nov 14 12:06:39 UTC 2019
nodename: tarena
machine: x86_64
clock source: unix
detected number of CPU cores: 4
current working directory: /home/tarena/zhoumin/project_ddb/dadabeauty
writing pidfile to uwsgi.pid
detected binary path: /usr/local/bin/uwsgi
!!! no internal routing support, rebuild with pcre support !!!
uWSGI running as root, you can use --uid/--gid/--chroot options
*** WARNING: you are running uWSGI as root !!! (use the --uid flag) *** 
chdir() to /home/tarena/zhoumin/project_ddb/dadabeauty
your processes number limit is 63543
your memory page size is 4096 bytes
detected max file descriptor number: 1024
lock engine: pthread robust mutexes
thunder lock: disabled (you can enable it with --thunder-lock)
uWSGI http bound on 127.0.0.1:8000 fd 4
uwsgi socket 0 bound to TCP address 127.0.0.1:40497 (port auto-assigned) fd 3
uWSGI running as root, you can use --uid/--gid/--chroot options
*** WARNING: you are running uWSGI as root !!! (use the --uid flag) *** 
Python version: 3.6.9 (default, Nov  7 2019, 10:44:02)  [GCC 8.3.0]
Python main interpreter initialized at 0x55e8b8da9080
uWSGI running as root, you can use --uid/--gid/--chroot options
*** WARNING: you are running uWSGI as root !!! (use the --uid flag) *** 
python threads support enabled
your server socket listen backlog is limited to 100 connections
your mercy for graceful operations on workers is 60 seconds
mapped 166688 bytes (162 KB) for 2 cores
*** Operational MODE: threaded ***
WSGI app 0 (mountpoint='') ready in 3 seconds on interpreter 0x55e8b8da9080 pid: 8486 (default app)
uWSGI running as root, you can use --uid/--gid/--chroot options
*** WARNING: you are running uWSGI as root !!! (use the --uid flag) *** 
*** uWSGI is running in multiple interpreter mode ***
spawned uWSGI master process (pid: 8486)
spawned uWSGI worker 1 (pid: 8508, cores: 2)
spawned uWSGI http 1 (pid: 8509)
Invalid HTTP_HOST header: '127.0.0.1:8000'. You may need to add '127.0.0.1' to ALLOWED_HOSTS.
[pid: 8508|app: 0|req: 1/1] 127.0.0.1 () {46 vars in 865 bytes} [Mon Jan  6 15:15:10 2020] GET /test => generated 59423 bytes in 834 msecs (HTTP/1.1 400) 2 headers in 67 bytes (1 switches on core 0)
Invalid HTTP_HOST header: '127.0.0.1:8000'. You may need to add '127.0.0.1' to ALLOWED_HOSTS.
[pid: 8508|app: 0|req: 2/2] 127.0.0.1 () {46 vars in 804 bytes} [Mon Jan  6 15:15:11 2020] GET /favicon.ico => generated 59432 bytes in 28 msecs (HTTP/1.1 400) 2 headers in 67 bytes (1 switches on core 1)
*** Starting uWSGI 2.0.18 (64bit) on [Mon Jan  6 15:19:20 2020] ***
compiled with version: 7.4.0 on 26 November 2019 08:04:11
os: Linux-5.0.0-37-generic #40~18.04.1-Ubuntu SMP Thu Nov 14 12:06:39 UTC 2019
nodename: tarena
machine: x86_64
clock source: unix
detected number of CPU cores: 4
current working directory: /home/tarena/zhoumin/project_ddb/dadabeauty
writing pidfile to uwsgi.pid
detected binary path: /usr/local/bin/uwsgi
!!! no internal routing support, rebuild with pcre support !!!
uWSGI running as root, you can use --uid/--gid/--chroot options
*** WARNING: you are running uWSGI as root !!! (use the --uid flag) *** 
chdir() to /home/tarena/zhoumin/project_ddb/dadabeauty
your processes number limit is 63543
your memory page size is 4096 bytes
detected max file descriptor number: 1024
lock engine: pthread robust mutexes
thunder lock: disabled (you can enable it with --thunder-lock)
uWSGI http bound on 127.0.0.1:8000 fd 4
uwsgi socket 0 bound to TCP address 127.0.0.1:43595 (port auto-assigned) fd 3
uWSGI running as root, you can use --uid/--gid/--chroot options
*** WARNING: you are running uWSGI as root !!! (use the --uid flag) *** 
Python version: 3.6.9 (default, Nov  7 2019, 10:44:02)  [GCC 8.3.0]
Python main interpreter initialized at 0x558d74d29080
uWSGI running as root, you can use --uid/--gid/--chroot options
*** WARNING: you are running uWSGI as root !!! (use the --uid flag) *** 
python threads support enabled
your server socket listen backlog is limited to 100 connections
your mercy for graceful operations on workers is 60 seconds
mapped 166688 bytes (162 KB) for 2 cores
*** Operational MODE: threaded ***
WSGI app 0 (mountpoint='') ready in 0 seconds on interpreter 0x558d74d29080 pid: 11009 (default app)
uWSGI running as root, you can use --uid/--gid/--chroot options
*** WARNING: you are running uWSGI as root !!! (use the --uid flag) *** 
*** uWSGI is running in multiple interpreter mode ***
spawned uWSGI master process (pid: 11009)
spawned uWSGI worker 1 (pid: 11011, cores: 2)
spawned uWSGI http 1 (pid: 11013)
[pid: 11011|app: 0|req: 1/1] 127.0.0.1 () {48 vars in 886 bytes} [Mon Jan  6 15:20:45 2020] GET /test => generated 16 bytes in 1789 msecs (HTTP/1.1 200) 4 headers in 122 bytes (1 switches on core 0)
[pid: 11011|app: 0|req: 2/2] 127.0.0.1 () {46 vars in 803 bytes} [Mon Jan  6 15:20:47 2020] GET /favicon.ico => generated 85 bytes in 212 msecs (HTTP/1.1 404) 4 headers in 114 bytes (1 switches on core 1)
*** Starting uWSGI 2.0.18 (64bit) on [Mon Jan  6 15:23:42 2020] ***
compiled with version: 7.4.0 on 26 November 2019 08:04:11
os: Linux-5.0.0-37-generic #40~18.04.1-Ubuntu SMP Thu Nov 14 12:06:39 UTC 2019
nodename: tarena
machine: x86_64
clock source: unix
detected number of CPU cores: 4
current working directory: /home/tarena/zhoumin/project_ddb/dadabeauty
writing pidfile to uwsgi.pid
detected binary path: /usr/local/bin/uwsgi
!!! no internal routing support, rebuild with pcre support !!!
uWSGI running as root, you can use --uid/--gid/--chroot options
*** WARNING: you are running uWSGI as root !!! (use the --uid flag) *** 
chdir() to /home/tarena/zhoumin/project_ddb/dadabeauty
your processes number limit is 63543
your memory page size is 4096 bytes
detected max file descriptor number: 1024
lock engine: pthread robust mutexes
thunder lock: disabled (you can enable it with --thunder-lock)
uWSGI http bound on 0.0.0.0:8000 fd 4
uwsgi socket 0 bound to TCP address 127.0.0.1:44061 (port auto-assigned) fd 3
uWSGI running as root, you can use --uid/--gid/--chroot options
*** WARNING: you are running uWSGI as root !!! (use the --uid flag) *** 
Python version: 3.6.9 (default, Nov  7 2019, 10:44:02)  [GCC 8.3.0]
Python main interpreter initialized at 0x55d626533080
uWSGI running as root, you can use --uid/--gid/--chroot options
*** WARNING: you are running uWSGI as root !!! (use the --uid flag) *** 
python threads support enabled
your server socket listen backlog is limited to 100 connections
your mercy for graceful operations on workers is 60 seconds
mapped 166688 bytes (162 KB) for 2 cores
*** Operational MODE: threaded ***
WSGI app 0 (mountpoint='') ready in 0 seconds on interpreter 0x55d626533080 pid: 13513 (default app)
uWSGI running as root, you can use --uid/--gid/--chroot options
*** WARNING: you are running uWSGI as root !!! (use the --uid flag) *** 
*** uWSGI is running in multiple interpreter mode ***
spawned uWSGI master process (pid: 13513)
spawned uWSGI worker 1 (pid: 13524, cores: 2)
spawned uWSGI http 1 (pid: 13526)
[pid: 13524|app: 0|req: 1/1] 176.122.12.156 () {40 vars in 721 bytes} [Mon Jan  6 15:23:47 2020] GET /test => generated 16 bytes in 231 msecs (HTTP/1.1 200) 4 headers in 122 bytes (1 switches on core 0)
[pid: 13524|app: 0|req: 2/2] 176.122.12.156 () {40 vars in 662 bytes} [Mon Jan  6 15:23:47 2020] GET /favicon.ico => generated 85 bytes in 10 msecs (HTTP/1.1 404) 4 headers in 114 bytes (1 switches on core 1)
未使用缓存
[pid: 13524|app: 0|req: 3/3] 176.122.12.156 () {42 vars in 694 bytes} [Mon Jan  6 15:24:19 2020] GET /v1/product/index => generated 3955 bytes in 270 msecs (HTTP/1.1 200) 5 headers in 148 bytes (1 switches on core 0)
[pid: 13524|app: 0|req: 4/4] 127.0.0.1 () {48 vars in 889 bytes} [Mon Jan  6 15:25:04 2020] GET /admin => generated 79 bytes in 1 msecs (HTTP/1.1 404) 4 headers in 114 bytes (1 switches on core 1)
[pid: 13524|app: 0|req: 5/5] 176.122.12.156 () {40 vars in 723 bytes} [Mon Jan  6 15:25:29 2020] GET /admin => generated 79 bytes in 0 msecs (HTTP/1.1 404) 4 headers in 114 bytes (1 switches on core 0)
[pid: 13524|app: 0|req: 6/6] 127.0.0.1 () {48 vars in 889 bytes} [Mon Jan  6 15:25:39 2020] GET /admin => generated 79 bytes in 1 msecs (HTTP/1.1 404) 4 headers in 114 bytes (1 switches on core 1)
[pid: 13524|app: 0|req: 7/7] 127.0.0.1 () {40 vars in 711 bytes} [Mon Jan  6 15:26:15 2020] GET /admin => generated 79 bytes in 1 msecs (HTTP/1.1 404) 4 headers in 114 bytes (1 switches on core 0)
[pid: 13524|app: 0|req: 8/8] 127.0.0.1 () {40 vars in 644 bytes} [Mon Jan  6 15:26:15 2020] GET /favicon.ico => generated 85 bytes in 0 msecs (HTTP/1.1 404) 4 headers in 114 bytes (1 switches on core 1)
